<?xml version="1.0" encoding="UTF-8"?>
<testsuite xmlns:xsi="http://www.w3.org/2001/XMLSchema-instance" xsi:noNamespaceSchemaLocation="https://maven.apache.org/surefire/maven-surefire-plugin/xsd/surefire-test-report-3.0.xsd" version="3.0" name="com.profitflow.application.service.AllocationRunServiceTest" time="0.1" tests="8" errors="0" skipped="0" failures="0">
  <properties>
[...]
</properties>
  <testcase name="flowDtoKindFieldsAreUpperCaseStrings" classname="com.profitflow.application.service.AllocationRunServiceTest" time="0.063"/>
  <testcase name="executionPolicyRejectionRecordsFailureAndSkipsHistory" classname="com.profitflow.application.service.AllocationRunServiceTest" time="0.003"/>
  <testcase name="resourceWithoutRuleAppearsInUnallocatedList" classname="com.profitflow.application.service.AllocationRunServiceTest" time="0.005"/>
  <testcase name="zeroAmountResourceNotFlaggedAsUnallocated" classname="com.profitflow.application.service.AllocationRunServiceTest" time="0.003"/>
  <testcase name="activityWithoutProductRuleThrowsAllocationDomainException" classname="com.profitflow.application.service.AllocationRunServiceTest" time="0.003"/>
  <testcase name="successfulRunReturnsMappedFlowsAndCosts" classname="com.profitflow.application.service.AllocationRunServiceTest" time="0.003"/>
  <testcase name="successfulRunRecordsSuccessMetric" classname="com.profitflow.application.service.AllocationRunServiceTest" time="0.002"/>
  <testcase name="failedRunRecordsFailureMetric" classname="com.profitflow.application.service.AllocationRunServiceTest" time="0.002"/>
</testsuite>